<?xml version="1.0" encoding="UTF-8"?>
<!-- Generated by org.testng.reporters.JUnitReportReporter -->
<testsuite hostname="DESKTOP-LP6VUB6" name="kdf.FaceBookWebDriver" tests="2" failures="0" timestamp="12 Oct 2017 17:12:49 GMT" time="39.090" errors="0">
  <testcase name="WebDriverTest1" time="24.031" classname="kdf.FaceBookWebDriver"/>
  <testcase name="WebDriverTest" time="15.059" classname="kdf.FaceBookWebDriver"/>
</testsuite> <!-- kdf.FaceBookWebDriver -->
