<?xml version="1.0" encoding="UTF-8"?>
<!-- Generated by org.testng.reporters.JUnitReportReporter -->
<testsuite hostname="DESKTOP-LP6VUB6" name="kdf.SortingByGroups" tests="2" failures="0" timestamp="18 Dec 2018 21:27:52 GMT" time="0.022" errors="0">
  <testcase name="TestOne" time="0.017" classname="kdf.SortingByGroups"/>
  <testcase name="TestThree" time="0.005" classname="kdf.SortingByGroups"/>
</testsuite> <!-- kdf.SortingByGroups -->
