<?xml version="1.0" encoding="UTF-8"?>
<!-- Generated by org.testng.reporters.JUnitReportReporter -->
<testsuite hostname="DESKTOP-LP6VUB6" name="kdf.NewToursHybridFramework" tests="1" failures="0" timestamp="21 Feb 2019 22:26:26 GMT" time="16.283" errors="0">
  <testcase name="testApp" time="16.283" classname="kdf.NewToursHybridFramework"/>
</testsuite> <!-- kdf.NewToursHybridFramework -->
