<?xml version="1.0" encoding="UTF-8"?>
<!-- Generated by org.testng.reporters.JUnitReportReporter -->
<testsuite hostname="DESKTOP-LP6VUB6" name="kdf.FaceBookWordPress" tests="2" failures="0" timestamp="12 Oct 2017 21:40:07 GMT" time="41.694" errors="0">
  <testcase name="WebDriverTest" time="14.907" classname="kdf.FaceBookWordPress"/>
  <testcase name="WebDriverTest1" time="26.787" classname="kdf.FaceBookWordPress"/>
</testsuite> <!-- kdf.FaceBookWordPress -->
