<?xml version="1.0" encoding="UTF-8"?>
<!-- Generated by org.testng.reporters.JUnitReportReporter -->
<testsuite hostname="DESKTOP-LP6VUB6" name="ddf.LoginTest" tests="2" failures="0" timestamp="7 Jan 2019 02:22:43 GMT" time="24.683" errors="0">
  <testcase name="freeCrmTitleTest" time="12.325" classname="ddf.LoginTest"/>
  <testcase name="freemCRMLogoTest" time="12.358" classname="ddf.LoginTest"/>
</testsuite> <!-- ddf.LoginTest -->
